<?xml version="1.0" encoding="UTF-8"?>
<!-- Generated by org.testng.reporters.JUnitXMLReporter -->
<testsuite hostname="DESKTOP-K40N5H6" ignored="0" name="ValidateTest" tests="1" failures="0" timestamp="2021-04-05T19:52:32 IST" time="610.738" errors="0">
  <testcase name="@BeforeTest init" time="610.622" classname="Toytota.Tsure.ValidatingAppTitle">
    <failure type="org.openqa.selenium.SessionNotCreatedException" message="session not created
from timeout: Timed out receiving message from renderer: 600.000
  (Session info: chrome=89.0.4389.114)
Build info: version: &amp;apos;3.141.59&amp;apos;, revision: &amp;apos;e82be7d358&amp;apos;, time: &amp;apos;2018-11-14T08:17:03&amp;apos;
System info: host: &amp;apos;DESKTOP-K40N5H6&amp;apos;, ip: &amp;apos;192.168.1.100&amp;apos;, os.name: &amp;apos;Windows 10&amp;apos;, os.arch: &amp;apos;amd64&amp;apos;, os.version: &amp;apos;10.0&amp;apos;, java.version: &amp;apos;1.8.0_261&amp;apos;
Driver info: driver.version: ChromeDriver
remote stacktrace: Backtrace:
	Ordinal0 [0x0132E7D3+124883]
	Ordinal0 [0x0132E7B1+124849]
	GetHandleVerifier [0x01578688+193832]
	GetHandleVerifier [0x0156C079+143129]
	GetHandleVerifier [0x0156B45E+140030]
	GetHandleVerifier [0x0156B6E6+140678]
	GetHandleVerifier [0x0156B025+138949]
	GetHandleVerifier [0x01574679+177433]
	GetHandleVerifier [0x0156AFE1+138881]
	GetHandleVerifier [0x0156BD62+142338]
	GetHandleVerifier [0x0156B45E+140030]
	GetHandleVerifier [0x0156B6E6+140678]
	GetHandleVerifier [0x0156B025+138949]
	GetHandleVerifier [0x01572A0A+170154]
	GetHandleVerifier [0x0156AFE1+138881]
	GetHandleVerifier [0x0156BD62+142338]
	GetHandleVerifier [0x0156B45E+140030]
	GetHandleVerifier [0x0156B6E6+140678]
	GetHandleVerifier [0x0156B025+138949]
	GetHandleVerifier [0x01570D69+162825]
	GetHandleVerifier [0x0156AFE1+138881]
	GetHandleVerifier [0x0156BD62+142338]
	GetHandleVerifier [0x0156B45E+140030]
	GetHandleVerifier [0x0156B6E6+140678]
	GetHandleVerifier [0x0156B025+138949]
	GetHandleVerifier [0x0157017C+159772]
	GetHandleVerifier [0x0156AFE1+138881]
	GetHandleVerifier [0x0156BD62+142338]
	GetHandleVerifier [0x0156B45E+140030]
	GetHandleVerifier [0x0156B6E6+140678]
	GetHandleVerifier [0x0156B025+138949]
	GetHandleVerifier [0x015676ED+124301]
	GetHandleVerifier [0x0156AFE1+138881]
	GetHandleVerifier [0x0156AE03+138403]
	GetHandleVerifier [0x0156ABF7+137879]
	GetHandleVerifier [0x01579930+198608]
	GetHandleVerifier [0x015B5758+443896]
	GetHandleVerifier [0x015B47FC+439964]
	GetHandleVerifier [0x015B154B+426987]
	GetHandleVerifier [0x01594FFD+310941]
	GetHandleVerifier [0x01595D8E+314414]
	GetHandleVerifier [0x01595D19+314297]
	GetHandleVerifier [0x016531EC+1089676]
	GetHandleVerifier [0x016517C9+1082985]
	GetHandleVerifier [0x016513A3+1081923]
	GetHandleVerifier [0x0174D9FD+2115741]
	Ordinal0 [0x0147B82E+1488942]
	Ordinal0 [0x01415A7D+1071741]
	Ordinal0 [0x0141559B+1070491]
	Ordinal0 [0x014154B1+1070257]
	Ordinal0 [0x0144FF53+1310547]
	BaseThreadInitThunk [0x74AD3744+36]
	RtlSetCurrentTransaction [0x7770A064+212]
	RtlSetCurrentTransaction [0x7770A02F+159]
">
      <![CDATA[org.openqa.selenium.SessionNotCreatedException: session not created
from timeout: Timed out receiving message from renderer: 600.000
  (Session info: chrome=89.0.4389.114)
Build info: version: '3.141.59', revision: 'e82be7d358', time: '2018-11-14T08:17:03'
System info: host: 'DESKTOP-K40N5H6', ip: '192.168.1.100', os.name: 'Windows 10', os.arch: 'amd64', os.version: '10.0', java.version: '1.8.0_261'
Driver info: driver.version: ChromeDriver
remote stacktrace: Backtrace:
Ordinal0 [0x0132E7D3+124883]
Ordinal0 [0x0132E7B1+124849]
GetHandleVerifier [0x01578688+193832]
GetHandleVerifier [0x0156C079+143129]
GetHandleVerifier [0x0156B45E+140030]
GetHandleVerifier [0x0156B6E6+140678]
GetHandleVerifier [0x0156B025+138949]
GetHandleVerifier [0x01574679+177433]
GetHandleVerifier [0x0156AFE1+138881]
GetHandleVerifier [0x0156BD62+142338]
GetHandleVerifier [0x0156B45E+140030]
GetHandleVerifier [0x0156B6E6+140678]
GetHandleVerifier [0x0156B025+138949]
GetHandleVerifier [0x01572A0A+170154]
GetHandleVerifier [0x0156AFE1+138881]
GetHandleVerifier [0x0156BD62+142338]
GetHandleVerifier [0x0156B45E+140030]
GetHandleVerifier [0x0156B6E6+140678]
GetHandleVerifier [0x0156B025+138949]
GetHandleVerifier [0x01570D69+162825]
GetHandleVerifier [0x0156AFE1+138881]
GetHandleVerifier [0x0156BD62+142338]
GetHandleVerifier [0x0156B45E+140030]
GetHandleVerifier [0x0156B6E6+140678]
GetHandleVerifier [0x0156B025+138949]
GetHandleVerifier [0x0157017C+159772]
GetHandleVerifier [0x0156AFE1+138881]
GetHandleVerifier [0x0156BD62+142338]
GetHandleVerifier [0x0156B45E+140030]
GetHandleVerifier [0x0156B6E6+140678]
GetHandleVerifier [0x0156B025+138949]
GetHandleVerifier [0x015676ED+124301]
GetHandleVerifier [0x0156AFE1+138881]
GetHandleVerifier [0x0156AE03+138403]
GetHandleVerifier [0x0156ABF7+137879]
GetHandleVerifier [0x01579930+198608]
GetHandleVerifier [0x015B5758+443896]
GetHandleVerifier [0x015B47FC+439964]
GetHandleVerifier [0x015B154B+426987]
GetHandleVerifier [0x01594FFD+310941]
GetHandleVerifier [0x01595D8E+314414]
GetHandleVerifier [0x01595D19+314297]
GetHandleVerifier [0x016531EC+1089676]
GetHandleVerifier [0x016517C9+1082985]
GetHandleVerifier [0x016513A3+1081923]
GetHandleVerifier [0x0174D9FD+2115741]
Ordinal0 [0x0147B82E+1488942]
Ordinal0 [0x01415A7D+1071741]
Ordinal0 [0x0141559B+1070491]
Ordinal0 [0x014154B1+1070257]
Ordinal0 [0x0144FF53+1310547]
BaseThreadInitThunk [0x74AD3744+36]
RtlSetCurrentTransaction [0x7770A064+212]
RtlSetCurrentTransaction [0x7770A02F+159]

at org.openqa.selenium.remote.W3CHandshakeResponse.lambda$errorHandler$0(W3CHandshakeResponse.java:62)
at org.openqa.selenium.remote.HandshakeResponse.lambda$getResponseFunction$0(HandshakeResponse.java:30)
at org.openqa.selenium.remote.ProtocolHandshake.lambda$createSession$0(ProtocolHandshake.java:126)
at java.util.stream.ReferencePipeline$3$1.accept(ReferencePipeline.java:193)
at java.util.Spliterators$ArraySpliterator.tryAdvance(Spliterators.java:958)
at java.util.stream.ReferencePipeline.forEachWithCancel(ReferencePipeline.java:126)
at java.util.stream.AbstractPipeline.copyIntoWithCancel(AbstractPipeline.java:499)
at java.util.stream.AbstractPipeline.copyInto(AbstractPipeline.java:486)
at java.util.stream.AbstractPipeline.wrapAndCopyInto(AbstractPipeline.java:472)
at java.util.stream.FindOps$FindOp.evaluateSequential(FindOps.java:152)
at java.util.stream.AbstractPipeline.evaluate(AbstractPipeline.java:234)
at java.util.stream.ReferencePipeline.findFirst(ReferencePipeline.java:464)
at org.openqa.selenium.remote.ProtocolHandshake.createSession(ProtocolHandshake.java:128)
at org.openqa.selenium.remote.ProtocolHandshake.createSession(ProtocolHandshake.java:74)
at org.openqa.selenium.remote.HttpCommandExecutor.execute(HttpCommandExecutor.java:136)
at org.openqa.selenium.remote.service.DriverCommandExecutor.execute(DriverCommandExecutor.java:83)
at org.openqa.selenium.remote.RemoteWebDriver.execute(RemoteWebDriver.java:552)
at org.openqa.selenium.remote.RemoteWebDriver.startSession(RemoteWebDriver.java:213)
at org.openqa.selenium.remote.RemoteWebDriver.<init>(RemoteWebDriver.java:131)
at org.openqa.selenium.chrome.ChromeDriver.<init>(ChromeDriver.java:181)
at org.openqa.selenium.chrome.ChromeDriver.<init>(ChromeDriver.java:168)
at org.openqa.selenium.chrome.ChromeDriver.<init>(ChromeDriver.java:123)
at resources.Base.intializeDriver(Base.java:34)
at Toytota.Tsure.ValidatingAppTitle.init(ValidatingAppTitle.java:24)
at java.util.concurrent.FutureTask.run(FutureTask.java:266)
at java.util.concurrent.ThreadPoolExecutor.runWorker(ThreadPoolExecutor.java:1149)
at java.util.concurrent.ThreadPoolExecutor$Worker.run(ThreadPoolExecutor.java:624)
at java.lang.Thread.run(Thread.java:748)
... Removed 19 stack frames]]>
    </failure>
  </testcase> <!-- @BeforeTest init -->
  <testcase name="@AfterTest tearDown" time="-1.617632552131E9" classname="Toytota.Tsure.ValidatingAppTitle">
    <skipped/>
  </testcase> <!-- @AfterTest tearDown -->
  <testcase name="appTitleValidation" time="0.0" classname="Toytota.Tsure.ValidatingAppTitle">
    <skipped/>
  </testcase> <!-- appTitleValidation -->
</testsuite> <!-- ValidateTest -->
