<?xml version="1.0" encoding="UTF-8"?>
<testng-results skipped="1" failed="0" ignored="0" total="3" passed="2">
  <reporter-output>
  </reporter-output>
  <suite name="Suite" duration-ms="610738" started-at="2021-04-05T19:42:21 IST" finished-at="2021-04-05T19:52:32 IST">
    <groups>
    </groups>
    <test name="HomePageTest" duration-ms="28225" started-at="2021-04-05T19:42:21 IST" finished-at="2021-04-05T19:42:49 IST">
      <class name="Toytota.Tsure.HomePage">
        <test-method status="PASS" signature="init()[pri:0, instance:Toytota.Tsure.HomePage@26abb146]" name="init" is-config="true" duration-ms="11472" started-at="2021-04-05T19:42:21 IST" finished-at="2021-04-05T19:42:32 IST">
          <reporter-output>
          </reporter-output>
        </test-method> <!-- init -->
        <test-method status="PASS" signature="basePageNavigation(java.lang.String,java.lang.String)[pri:0, instance:Toytota.Tsure.HomePage@26abb146]" name="basePageNavigation" duration-ms="12086" started-at="2021-04-05T19:42:32 IST" data-provider="getData" finished-at="2021-04-05T19:42:45 IST">
          <params>
            <param index="0">
              <value>
                <![CDATA[restrincteduser@dd.com]]>
              </value>
            </param>
            <param index="1">
              <value>
                <![CDATA[fasfdfs]]>
              </value>
            </param>
          </params>
          <reporter-output>
          </reporter-output>
        </test-method> <!-- basePageNavigation -->
        <test-method status="PASS" signature="basePageNavigation(java.lang.String,java.lang.String)[pri:0, instance:Toytota.Tsure.HomePage@26abb146]" name="basePageNavigation" duration-ms="3981" started-at="2021-04-05T19:42:45 IST" data-provider="getData" finished-at="2021-04-05T19:42:49 IST">
          <params>
            <param index="0">
              <value>
                <![CDATA[nonrestrincteduser@dd.com]]>
              </value>
            </param>
            <param index="1">
              <value>
                <![CDATA[eerwrwefasfdfs]]>
              </value>
            </param>
          </params>
          <reporter-output>
          </reporter-output>
        </test-method> <!-- basePageNavigation -->
        <test-method status="PASS" signature="tearDown()[pri:0, instance:Toytota.Tsure.HomePage@26abb146]" name="tearDown" is-config="true" duration-ms="537" started-at="2021-04-05T19:42:49 IST" finished-at="2021-04-05T19:42:49 IST">
          <reporter-output>
          </reporter-output>
        </test-method> <!-- tearDown -->
      </class> <!-- Toytota.Tsure.HomePage -->
    </test> <!-- HomePageTest -->
    <test name="ValidateTest" duration-ms="610738" started-at="2021-04-05T19:42:21 IST" finished-at="2021-04-05T19:52:32 IST">
      <class name="Toytota.Tsure.ValidatingAppTitle">
        <test-method status="FAIL" signature="init()[pri:0, instance:Toytota.Tsure.ValidatingAppTitle@821330f]" name="init" is-config="true" duration-ms="610622" started-at="2021-04-05T19:42:21 IST" finished-at="2021-04-05T19:52:32 IST">
          <exception class="org.openqa.selenium.SessionNotCreatedException">
            <message>
              <![CDATA[session not created
from timeout: Timed out receiving message from renderer: 600.000
  (Session info: chrome=89.0.4389.114)
Build info: version: '3.141.59', revision: 'e82be7d358', time: '2018-11-14T08:17:03'
System info: host: 'DESKTOP-K40N5H6', ip: '192.168.1.100', os.name: 'Windows 10', os.arch: 'amd64', os.version: '10.0', java.version: '1.8.0_261'
Driver info: driver.version: ChromeDriver
remote stacktrace: Backtrace:
Ordinal0 [0x0132E7D3+124883]
Ordinal0 [0x0132E7B1+124849]
GetHandleVerifier [0x01578688+193832]
GetHandleVerifier [0x0156C079+143129]
GetHandleVerifier [0x0156B45E+140030]
GetHandleVerifier [0x0156B6E6+140678]
GetHandleVerifier [0x0156B025+138949]
GetHandleVerifier [0x01574679+177433]
GetHandleVerifier [0x0156AFE1+138881]
GetHandleVerifier [0x0156BD62+142338]
GetHandleVerifier [0x0156B45E+140030]
GetHandleVerifier [0x0156B6E6+140678]
GetHandleVerifier [0x0156B025+138949]
GetHandleVerifier [0x01572A0A+170154]
GetHandleVerifier [0x0156AFE1+138881]
GetHandleVerifier [0x0156BD62+142338]
GetHandleVerifier [0x0156B45E+140030]
GetHandleVerifier [0x0156B6E6+140678]
GetHandleVerifier [0x0156B025+138949]
GetHandleVerifier [0x01570D69+162825]
GetHandleVerifier [0x0156AFE1+138881]
GetHandleVerifier [0x0156BD62+142338]
GetHandleVerifier [0x0156B45E+140030]
GetHandleVerifier [0x0156B6E6+140678]
GetHandleVerifier [0x0156B025+138949]
GetHandleVerifier [0x0157017C+159772]
GetHandleVerifier [0x0156AFE1+138881]
GetHandleVerifier [0x0156BD62+142338]
GetHandleVerifier [0x0156B45E+140030]
GetHandleVerifier [0x0156B6E6+140678]
GetHandleVerifier [0x0156B025+138949]
GetHandleVerifier [0x015676ED+124301]
GetHandleVerifier [0x0156AFE1+138881]
GetHandleVerifier [0x0156AE03+138403]
GetHandleVerifier [0x0156ABF7+137879]
GetHandleVerifier [0x01579930+198608]
GetHandleVerifier [0x015B5758+443896]
GetHandleVerifier [0x015B47FC+439964]
GetHandleVerifier [0x015B154B+426987]
GetHandleVerifier [0x01594FFD+310941]
GetHandleVerifier [0x01595D8E+314414]
GetHandleVerifier [0x01595D19+314297]
GetHandleVerifier [0x016531EC+1089676]
GetHandleVerifier [0x016517C9+1082985]
GetHandleVerifier [0x016513A3+1081923]
GetHandleVerifier [0x0174D9FD+2115741]
Ordinal0 [0x0147B82E+1488942]
Ordinal0 [0x01415A7D+1071741]
Ordinal0 [0x0141559B+1070491]
Ordinal0 [0x014154B1+1070257]
Ordinal0 [0x0144FF53+1310547]
BaseThreadInitThunk [0x74AD3744+36]
RtlSetCurrentTransaction [0x7770A064+212]
RtlSetCurrentTransaction [0x7770A02F+159]
]]>
            </message>
            <full-stacktrace>
              <![CDATA[org.openqa.selenium.SessionNotCreatedException: session not created
from timeout: Timed out receiving message from renderer: 600.000
  (Session info: chrome=89.0.4389.114)
Build info: version: '3.141.59', revision: 'e82be7d358', time: '2018-11-14T08:17:03'
System info: host: 'DESKTOP-K40N5H6', ip: '192.168.1.100', os.name: 'Windows 10', os.arch: 'amd64', os.version: '10.0', java.version: '1.8.0_261'
Driver info: driver.version: ChromeDriver
remote stacktrace: Backtrace:
Ordinal0 [0x0132E7D3+124883]
Ordinal0 [0x0132E7B1+124849]
GetHandleVerifier [0x01578688+193832]
GetHandleVerifier [0x0156C079+143129]
GetHandleVerifier [0x0156B45E+140030]
GetHandleVerifier [0x0156B6E6+140678]
GetHandleVerifier [0x0156B025+138949]
GetHandleVerifier [0x01574679+177433]
GetHandleVerifier [0x0156AFE1+138881]
GetHandleVerifier [0x0156BD62+142338]
GetHandleVerifier [0x0156B45E+140030]
GetHandleVerifier [0x0156B6E6+140678]
GetHandleVerifier [0x0156B025+138949]
GetHandleVerifier [0x01572A0A+170154]
GetHandleVerifier [0x0156AFE1+138881]
GetHandleVerifier [0x0156BD62+142338]
GetHandleVerifier [0x0156B45E+140030]
GetHandleVerifier [0x0156B6E6+140678]
GetHandleVerifier [0x0156B025+138949]
GetHandleVerifier [0x01570D69+162825]
GetHandleVerifier [0x0156AFE1+138881]
GetHandleVerifier [0x0156BD62+142338]
GetHandleVerifier [0x0156B45E+140030]
GetHandleVerifier [0x0156B6E6+140678]
GetHandleVerifier [0x0156B025+138949]
GetHandleVerifier [0x0157017C+159772]
GetHandleVerifier [0x0156AFE1+138881]
GetHandleVerifier [0x0156BD62+142338]
GetHandleVerifier [0x0156B45E+140030]
GetHandleVerifier [0x0156B6E6+140678]
GetHandleVerifier [0x0156B025+138949]
GetHandleVerifier [0x015676ED+124301]
GetHandleVerifier [0x0156AFE1+138881]
GetHandleVerifier [0x0156AE03+138403]
GetHandleVerifier [0x0156ABF7+137879]
GetHandleVerifier [0x01579930+198608]
GetHandleVerifier [0x015B5758+443896]
GetHandleVerifier [0x015B47FC+439964]
GetHandleVerifier [0x015B154B+426987]
GetHandleVerifier [0x01594FFD+310941]
GetHandleVerifier [0x01595D8E+314414]
GetHandleVerifier [0x01595D19+314297]
GetHandleVerifier [0x016531EC+1089676]
GetHandleVerifier [0x016517C9+1082985]
GetHandleVerifier [0x016513A3+1081923]
GetHandleVerifier [0x0174D9FD+2115741]
Ordinal0 [0x0147B82E+1488942]
Ordinal0 [0x01415A7D+1071741]
Ordinal0 [0x0141559B+1070491]
Ordinal0 [0x014154B1+1070257]
Ordinal0 [0x0144FF53+1310547]
BaseThreadInitThunk [0x74AD3744+36]
RtlSetCurrentTransaction [0x7770A064+212]
RtlSetCurrentTransaction [0x7770A02F+159]

at sun.reflect.NativeConstructorAccessorImpl.newInstance0(Native Method)
at sun.reflect.NativeConstructorAccessorImpl.newInstance(NativeConstructorAccessorImpl.java:62)
at sun.reflect.DelegatingConstructorAccessorImpl.newInstance(DelegatingConstructorAccessorImpl.java:45)
at java.lang.reflect.Constructor.newInstance(Constructor.java:423)
at org.openqa.selenium.remote.W3CHandshakeResponse.lambda$errorHandler$0(W3CHandshakeResponse.java:62)
at org.openqa.selenium.remote.HandshakeResponse.lambda$getResponseFunction$0(HandshakeResponse.java:30)
at org.openqa.selenium.remote.ProtocolHandshake.lambda$createSession$0(ProtocolHandshake.java:126)
at java.util.stream.ReferencePipeline$3$1.accept(ReferencePipeline.java:193)
at java.util.Spliterators$ArraySpliterator.tryAdvance(Spliterators.java:958)
at java.util.stream.ReferencePipeline.forEachWithCancel(ReferencePipeline.java:126)
at java.util.stream.AbstractPipeline.copyIntoWithCancel(AbstractPipeline.java:499)
at java.util.stream.AbstractPipeline.copyInto(AbstractPipeline.java:486)
at java.util.stream.AbstractPipeline.wrapAndCopyInto(AbstractPipeline.java:472)
at java.util.stream.FindOps$FindOp.evaluateSequential(FindOps.java:152)
at java.util.stream.AbstractPipeline.evaluate(AbstractPipeline.java:234)
at java.util.stream.ReferencePipeline.findFirst(ReferencePipeline.java:464)
at org.openqa.selenium.remote.ProtocolHandshake.createSession(ProtocolHandshake.java:128)
at org.openqa.selenium.remote.ProtocolHandshake.createSession(ProtocolHandshake.java:74)
at org.openqa.selenium.remote.HttpCommandExecutor.execute(HttpCommandExecutor.java:136)
at org.openqa.selenium.remote.service.DriverCommandExecutor.execute(DriverCommandExecutor.java:83)
at org.openqa.selenium.remote.RemoteWebDriver.execute(RemoteWebDriver.java:552)
at org.openqa.selenium.remote.RemoteWebDriver.startSession(RemoteWebDriver.java:213)
at org.openqa.selenium.remote.RemoteWebDriver.<init>(RemoteWebDriver.java:131)
at org.openqa.selenium.chrome.ChromeDriver.<init>(ChromeDriver.java:181)
at org.openqa.selenium.chrome.ChromeDriver.<init>(ChromeDriver.java:168)
at org.openqa.selenium.chrome.ChromeDriver.<init>(ChromeDriver.java:123)
at resources.Base.intializeDriver(Base.java:34)
at Toytota.Tsure.ValidatingAppTitle.init(ValidatingAppTitle.java:24)
at sun.reflect.NativeMethodAccessorImpl.invoke0(Native Method)
at sun.reflect.NativeMethodAccessorImpl.invoke(NativeMethodAccessorImpl.java:62)
at sun.reflect.DelegatingMethodAccessorImpl.invoke(DelegatingMethodAccessorImpl.java:43)
at java.lang.reflect.Method.invoke(Method.java:498)
at org.testng.internal.MethodInvocationHelper.invokeMethod(MethodInvocationHelper.java:133)
at org.testng.internal.MethodInvocationHelper.invokeMethodConsideringTimeout(MethodInvocationHelper.java:62)
at org.testng.internal.ConfigInvoker.invokeConfigurationMethod(ConfigInvoker.java:385)
at org.testng.internal.ConfigInvoker.invokeConfigurations(ConfigInvoker.java:321)
at org.testng.TestRunner.invokeTestConfigurations(TestRunner.java:637)
at org.testng.TestRunner.beforeRun(TestRunner.java:627)
at org.testng.TestRunner.run(TestRunner.java:589)
at org.testng.SuiteRunner.runTest(SuiteRunner.java:377)
at org.testng.SuiteRunner.access$000(SuiteRunner.java:28)
at org.testng.SuiteRunner$SuiteWorker.run(SuiteRunner.java:418)
at org.testng.internal.thread.ThreadUtil.lambda$execute$0(ThreadUtil.java:64)
at java.util.concurrent.FutureTask.run(FutureTask.java:266)
at java.util.concurrent.ThreadPoolExecutor.runWorker(ThreadPoolExecutor.java:1149)
at java.util.concurrent.ThreadPoolExecutor$Worker.run(ThreadPoolExecutor.java:624)
at java.lang.Thread.run(Thread.java:748)
]]>
            </full-stacktrace>
          </exception> <!-- org.openqa.selenium.SessionNotCreatedException -->
          <reporter-output>
          </reporter-output>
        </test-method> <!-- init -->
        <test-method status="SKIP" signature="appTitleValidation()[pri:0, instance:Toytota.Tsure.ValidatingAppTitle@821330f]" name="appTitleValidation" duration-ms="0" started-at="2021-04-05T19:52:32 IST" finished-at="2021-04-05T19:52:32 IST">
          <exception class="org.openqa.selenium.SessionNotCreatedException">
            <message>
              <![CDATA[session not created
from timeout: Timed out receiving message from renderer: 600.000
  (Session info: chrome=89.0.4389.114)
Build info: version: '3.141.59', revision: 'e82be7d358', time: '2018-11-14T08:17:03'
System info: host: 'DESKTOP-K40N5H6', ip: '192.168.1.100', os.name: 'Windows 10', os.arch: 'amd64', os.version: '10.0', java.version: '1.8.0_261'
Driver info: driver.version: ChromeDriver
remote stacktrace: Backtrace:
Ordinal0 [0x0132E7D3+124883]
Ordinal0 [0x0132E7B1+124849]
GetHandleVerifier [0x01578688+193832]
GetHandleVerifier [0x0156C079+143129]
GetHandleVerifier [0x0156B45E+140030]
GetHandleVerifier [0x0156B6E6+140678]
GetHandleVerifier [0x0156B025+138949]
GetHandleVerifier [0x01574679+177433]
GetHandleVerifier [0x0156AFE1+138881]
GetHandleVerifier [0x0156BD62+142338]
GetHandleVerifier [0x0156B45E+140030]
GetHandleVerifier [0x0156B6E6+140678]
GetHandleVerifier [0x0156B025+138949]
GetHandleVerifier [0x01572A0A+170154]
GetHandleVerifier [0x0156AFE1+138881]
GetHandleVerifier [0x0156BD62+142338]
GetHandleVerifier [0x0156B45E+140030]
GetHandleVerifier [0x0156B6E6+140678]
GetHandleVerifier [0x0156B025+138949]
GetHandleVerifier [0x01570D69+162825]
GetHandleVerifier [0x0156AFE1+138881]
GetHandleVerifier [0x0156BD62+142338]
GetHandleVerifier [0x0156B45E+140030]
GetHandleVerifier [0x0156B6E6+140678]
GetHandleVerifier [0x0156B025+138949]
GetHandleVerifier [0x0157017C+159772]
GetHandleVerifier [0x0156AFE1+138881]
GetHandleVerifier [0x0156BD62+142338]
GetHandleVerifier [0x0156B45E+140030]
GetHandleVerifier [0x0156B6E6+140678]
GetHandleVerifier [0x0156B025+138949]
GetHandleVerifier [0x015676ED+124301]
GetHandleVerifier [0x0156AFE1+138881]
GetHandleVerifier [0x0156AE03+138403]
GetHandleVerifier [0x0156ABF7+137879]
GetHandleVerifier [0x01579930+198608]
GetHandleVerifier [0x015B5758+443896]
GetHandleVerifier [0x015B47FC+439964]
GetHandleVerifier [0x015B154B+426987]
GetHandleVerifier [0x01594FFD+310941]
GetHandleVerifier [0x01595D8E+314414]
GetHandleVerifier [0x01595D19+314297]
GetHandleVerifier [0x016531EC+1089676]
GetHandleVerifier [0x016517C9+1082985]
GetHandleVerifier [0x016513A3+1081923]
GetHandleVerifier [0x0174D9FD+2115741]
Ordinal0 [0x0147B82E+1488942]
Ordinal0 [0x01415A7D+1071741]
Ordinal0 [0x0141559B+1070491]
Ordinal0 [0x014154B1+1070257]
Ordinal0 [0x0144FF53+1310547]
BaseThreadInitThunk [0x74AD3744+36]
RtlSetCurrentTransaction [0x7770A064+212]
RtlSetCurrentTransaction [0x7770A02F+159]
]]>
            </message>
            <full-stacktrace>
              <![CDATA[org.openqa.selenium.SessionNotCreatedException: session not created
from timeout: Timed out receiving message from renderer: 600.000
  (Session info: chrome=89.0.4389.114)
Build info: version: '3.141.59', revision: 'e82be7d358', time: '2018-11-14T08:17:03'
System info: host: 'DESKTOP-K40N5H6', ip: '192.168.1.100', os.name: 'Windows 10', os.arch: 'amd64', os.version: '10.0', java.version: '1.8.0_261'
Driver info: driver.version: ChromeDriver
remote stacktrace: Backtrace:
Ordinal0 [0x0132E7D3+124883]
Ordinal0 [0x0132E7B1+124849]
GetHandleVerifier [0x01578688+193832]
GetHandleVerifier [0x0156C079+143129]
GetHandleVerifier [0x0156B45E+140030]
GetHandleVerifier [0x0156B6E6+140678]
GetHandleVerifier [0x0156B025+138949]
GetHandleVerifier [0x01574679+177433]
GetHandleVerifier [0x0156AFE1+138881]
GetHandleVerifier [0x0156BD62+142338]
GetHandleVerifier [0x0156B45E+140030]
GetHandleVerifier [0x0156B6E6+140678]
GetHandleVerifier [0x0156B025+138949]
GetHandleVerifier [0x01572A0A+170154]
GetHandleVerifier [0x0156AFE1+138881]
GetHandleVerifier [0x0156BD62+142338]
GetHandleVerifier [0x0156B45E+140030]
GetHandleVerifier [0x0156B6E6+140678]
GetHandleVerifier [0x0156B025+138949]
GetHandleVerifier [0x01570D69+162825]
GetHandleVerifier [0x0156AFE1+138881]
GetHandleVerifier [0x0156BD62+142338]
GetHandleVerifier [0x0156B45E+140030]
GetHandleVerifier [0x0156B6E6+140678]
GetHandleVerifier [0x0156B025+138949]
GetHandleVerifier [0x0157017C+159772]
GetHandleVerifier [0x0156AFE1+138881]
GetHandleVerifier [0x0156BD62+142338]
GetHandleVerifier [0x0156B45E+140030]
GetHandleVerifier [0x0156B6E6+140678]
GetHandleVerifier [0x0156B025+138949]
GetHandleVerifier [0x015676ED+124301]
GetHandleVerifier [0x0156AFE1+138881]
GetHandleVerifier [0x0156AE03+138403]
GetHandleVerifier [0x0156ABF7+137879]
GetHandleVerifier [0x01579930+198608]
GetHandleVerifier [0x015B5758+443896]
GetHandleVerifier [0x015B47FC+439964]
GetHandleVerifier [0x015B154B+426987]
GetHandleVerifier [0x01594FFD+310941]
GetHandleVerifier [0x01595D8E+314414]
GetHandleVerifier [0x01595D19+314297]
GetHandleVerifier [0x016531EC+1089676]
GetHandleVerifier [0x016517C9+1082985]
GetHandleVerifier [0x016513A3+1081923]
GetHandleVerifier [0x0174D9FD+2115741]
Ordinal0 [0x0147B82E+1488942]
Ordinal0 [0x01415A7D+1071741]
Ordinal0 [0x0141559B+1070491]
Ordinal0 [0x014154B1+1070257]
Ordinal0 [0x0144FF53+1310547]
BaseThreadInitThunk [0x74AD3744+36]
RtlSetCurrentTransaction [0x7770A064+212]
RtlSetCurrentTransaction [0x7770A02F+159]

at sun.reflect.NativeConstructorAccessorImpl.newInstance0(Native Method)
at sun.reflect.NativeConstructorAccessorImpl.newInstance(NativeConstructorAccessorImpl.java:62)
at sun.reflect.DelegatingConstructorAccessorImpl.newInstance(DelegatingConstructorAccessorImpl.java:45)
at java.lang.reflect.Constructor.newInstance(Constructor.java:423)
at org.openqa.selenium.remote.W3CHandshakeResponse.lambda$errorHandler$0(W3CHandshakeResponse.java:62)
at org.openqa.selenium.remote.HandshakeResponse.lambda$getResponseFunction$0(HandshakeResponse.java:30)
at org.openqa.selenium.remote.ProtocolHandshake.lambda$createSession$0(ProtocolHandshake.java:126)
at java.util.stream.ReferencePipeline$3$1.accept(ReferencePipeline.java:193)
at java.util.Spliterators$ArraySpliterator.tryAdvance(Spliterators.java:958)
at java.util.stream.ReferencePipeline.forEachWithCancel(ReferencePipeline.java:126)
at java.util.stream.AbstractPipeline.copyIntoWithCancel(AbstractPipeline.java:499)
at java.util.stream.AbstractPipeline.copyInto(AbstractPipeline.java:486)
at java.util.stream.AbstractPipeline.wrapAndCopyInto(AbstractPipeline.java:472)
at java.util.stream.FindOps$FindOp.evaluateSequential(FindOps.java:152)
at java.util.stream.AbstractPipeline.evaluate(AbstractPipeline.java:234)
at java.util.stream.ReferencePipeline.findFirst(ReferencePipeline.java:464)
at org.openqa.selenium.remote.ProtocolHandshake.createSession(ProtocolHandshake.java:128)
at org.openqa.selenium.remote.ProtocolHandshake.createSession(ProtocolHandshake.java:74)
at org.openqa.selenium.remote.HttpCommandExecutor.execute(HttpCommandExecutor.java:136)
at org.openqa.selenium.remote.service.DriverCommandExecutor.execute(DriverCommandExecutor.java:83)
at org.openqa.selenium.remote.RemoteWebDriver.execute(RemoteWebDriver.java:552)
at org.openqa.selenium.remote.RemoteWebDriver.startSession(RemoteWebDriver.java:213)
at org.openqa.selenium.remote.RemoteWebDriver.<init>(RemoteWebDriver.java:131)
at org.openqa.selenium.chrome.ChromeDriver.<init>(ChromeDriver.java:181)
at org.openqa.selenium.chrome.ChromeDriver.<init>(ChromeDriver.java:168)
at org.openqa.selenium.chrome.ChromeDriver.<init>(ChromeDriver.java:123)
at resources.Base.intializeDriver(Base.java:34)
at Toytota.Tsure.ValidatingAppTitle.init(ValidatingAppTitle.java:24)
at sun.reflect.NativeMethodAccessorImpl.invoke0(Native Method)
at sun.reflect.NativeMethodAccessorImpl.invoke(NativeMethodAccessorImpl.java:62)
at sun.reflect.DelegatingMethodAccessorImpl.invoke(DelegatingMethodAccessorImpl.java:43)
at java.lang.reflect.Method.invoke(Method.java:498)
at org.testng.internal.MethodInvocationHelper.invokeMethod(MethodInvocationHelper.java:133)
at org.testng.internal.MethodInvocationHelper.invokeMethodConsideringTimeout(MethodInvocationHelper.java:62)
at org.testng.internal.ConfigInvoker.invokeConfigurationMethod(ConfigInvoker.java:385)
at org.testng.internal.ConfigInvoker.invokeConfigurations(ConfigInvoker.java:321)
at org.testng.TestRunner.invokeTestConfigurations(TestRunner.java:637)
at org.testng.TestRunner.beforeRun(TestRunner.java:627)
at org.testng.TestRunner.run(TestRunner.java:589)
at org.testng.SuiteRunner.runTest(SuiteRunner.java:377)
at org.testng.SuiteRunner.access$000(SuiteRunner.java:28)
at org.testng.SuiteRunner$SuiteWorker.run(SuiteRunner.java:418)
at org.testng.internal.thread.ThreadUtil.lambda$execute$0(ThreadUtil.java:64)
at java.util.concurrent.FutureTask.run(FutureTask.java:266)
at java.util.concurrent.ThreadPoolExecutor.runWorker(ThreadPoolExecutor.java:1149)
at java.util.concurrent.ThreadPoolExecutor$Worker.run(ThreadPoolExecutor.java:624)
at java.lang.Thread.run(Thread.java:748)
]]>
            </full-stacktrace>
          </exception> <!-- org.openqa.selenium.SessionNotCreatedException -->
          <reporter-output>
          </reporter-output>
        </test-method> <!-- appTitleValidation -->
        <test-method status="SKIP" signature="tearDown()[pri:0, instance:Toytota.Tsure.ValidatingAppTitle@821330f]" name="tearDown" is-config="true" duration-ms="-1617632552131" started-at="2021-04-05T19:52:32 IST" finished-at="1970-01-01T05:30:00 IST">
          <reporter-output>
          </reporter-output>
        </test-method> <!-- tearDown -->
      </class> <!-- Toytota.Tsure.ValidatingAppTitle -->
    </test> <!-- ValidateTest -->
  </suite> <!-- Suite -->
</testng-results>
